<?xml version="1.0" encoding="UTF-8"?>
<testsuite 
    name="Enterprise Multi-MCP Smart Database"
    tests="0"
    failures="0"
    skipped="0"
    time="0.012">
    
        <testcase 
            classname="Unit.Tests"
            name="Unit Tests"
            time="0.002">
            <failure message="jest is not defined" />
        </testcase>
    
        <testcase 
            classname="Integration.Tests"
            name="Integration Tests"
            time="0.001">
            <failure message="jest is not defined" />
        </testcase>
    
        <testcase 
            classname="Security.Tests"
            name="Security Tests"
            time="0.001">
            <failure message="jest is not defined" />
        </testcase>
    
        <testcase 
            classname="Performance.Tests"
            name="Performance Tests"
            time="0.001">
            <failure message="jest is not defined" />
        </testcase>
    
        <testcase 
            classname="Benchmark.Tests"
            name="Benchmark Tests"
            time="0.001">
            <failure message="jest is not defined" />
        </testcase>
    
        <testcase 
            classname="E2E.Tests"
            name="E2E Tests"
            time="0.001">
            <failure message="jest is not defined" />
        </testcase>
    
</testsuite>